<?xml version="1.0" encoding="UTF-8"?>
<coverage generated="1643666637061" clover="3.2.0">
  <project timestamp="1643666637061" name="All files">
    <metrics statements="18" coveredstatements="15" conditionals="8" coveredconditionals="7" methods="1" coveredmethods="1" elements="27" coveredelements="23" complexity="0" loc="18" ncloc="18" packages="1" files="1" classes="1"/>
    <file name="counter.js" path="/Users/kimbrannian/Desktop/webpack-template/coin-counter/src/counter.js">
      <metrics statements="18" coveredstatements="15" conditionals="8" coveredconditionals="7" methods="1" coveredmethods="1"/>
      <line num="12" count="1" type="stmt"/>
      <line num="14" count="16" type="cond" truecount="2" falsecount="0"/>
      <line num="15" count="2" type="stmt"/>
      <line num="17" count="14" type="cond" truecount="2" falsecount="0"/>
      <line num="18" count="5" type="stmt"/>
      <line num="19" count="5" type="stmt"/>
      <line num="20" count="5" type="stmt"/>
      <line num="23" count="9" type="cond" truecount="2" falsecount="0"/>
      <line num="24" count="8" type="stmt"/>
      <line num="25" count="8" type="stmt"/>
      <line num="26" count="8" type="stmt"/>
      <line num="28" count="1" type="cond" truecount="1" falsecount="1"/>
      <line num="29" count="1" type="stmt"/>
      <line num="30" count="1" type="stmt"/>
      <line num="31" count="1" type="stmt"/>
      <line num="35" count="0" type="stmt"/>
      <line num="36" count="0" type="stmt"/>
      <line num="37" count="0" type="stmt"/>
    </file>
  </project>
</coverage>
