{"/Users/kimbrannian/Desktop/webpack-template/coin-counter/src/counter.js": {"path":"/Users/kimbrannian/Desktop/webpack-template/coin-counter/src/counter.js","statementMap":{"0":{"start":{"line":12,"column":16},"end":{"line":41,"column":2}},"1":{"start":{"line":14,"column":2},"end":{"line":40,"column":3}},"2":{"start":{"line":15,"column":4},"end":{"line":15,"column":18}},"3":{"start":{"line":17,"column":4},"end":{"line":39,"column":5}},"4":{"start":{"line":18,"column":23},"end":{"line":18,"column":35}},"5":{"start":{"line":19,"column":6},"end":{"line":19,"column":28}},"6":{"start":{"line":20,"column":6},"end":{"line":20,"column":46}},"7":{"start":{"line":23,"column":10},"end":{"line":39,"column":5}},"8":{"start":{"line":24,"column":20},"end":{"line":24,"column":31}},"9":{"start":{"line":25,"column":6},"end":{"line":25,"column":25}},"10":{"start":{"line":26,"column":6},"end":{"line":26,"column":46}},"11":{"start":{"line":28,"column":9},"end":{"line":39,"column":5}},"12":{"start":{"line":29,"column":22},"end":{"line":29,"column":34}},"13":{"start":{"line":30,"column":6},"end":{"line":30,"column":26}},"14":{"start":{"line":31,"column":6},"end":{"line":31,"column":47}},"15":{"start":{"line":35,"column":22},"end":{"line":35,"column":34}},"16":{"start":{"line":36,"column":6},"end":{"line":36,"column":27}},"17":{"start":{"line":37,"column":6},"end":{"line":37,"column":47}}},"fnMap":{"0":{"name":"(anonymous_0)","decl":{"start":{"line":12,"column":16},"end":{"line":12,"column":17}},"loc":{"start":{"line":12,"column":28},"end":{"line":41,"column":2}},"line":12}},"branchMap":{"0":{"loc":{"start":{"line":14,"column":2},"end":{"line":40,"column":3}},"type":"if","locations":[{"start":{"line":14,"column":2},"end":{"line":40,"column":3}},{"start":{"line":14,"column":2},"end":{"line":40,"column":3}}],"line":14},"1":{"loc":{"start":{"line":17,"column":4},"end":{"line":39,"column":5}},"type":"if","locations":[{"start":{"line":17,"column":4},"end":{"line":39,"column":5}},{"start":{"line":17,"column":4},"end":{"line":39,"column":5}}],"line":17},"2":{"loc":{"start":{"line":23,"column":10},"end":{"line":39,"column":5}},"type":"if","locations":[{"start":{"line":23,"column":10},"end":{"line":39,"column":5}},{"start":{"line":23,"column":10},"end":{"line":39,"column":5}}],"line":23},"3":{"loc":{"start":{"line":28,"column":9},"end":{"line":39,"column":5}},"type":"if","locations":[{"start":{"line":28,"column":9},"end":{"line":39,"column":5}},{"start":{"line":28,"column":9},"end":{"line":39,"column":5}}],"line":28}},"s":{"0":1,"1":16,"2":2,"3":14,"4":5,"5":5,"6":5,"7":9,"8":8,"9":8,"10":8,"11":1,"12":1,"13":1,"14":1,"15":0,"16":0,"17":0},"f":{"0":16},"b":{"0":[2,14],"1":[5,9],"2":[8,1],"3":[1,0]},"_coverageSchema":"43e27e138ebf9cfc5966b082cf9a028302ed4184","hash":"758b8a26f818ee8b45a7a7b466597b4ba1fa5fb0"}
}
